<?xml version="1.0" encoding="UTF-8"?>
<!-- Generated by org.testng.reporters.JUnitReportReporter -->
<testsuite hostname="INLEN6239008742" failures="0" tests="9" name="runner.TestRunner" time="2.226" errors="0" timestamp="2022-08-16T12:16:41 IST" skipped="0">
  <testcase classname="runner.TestRunner" name="runScenario" time="0.128"/>
  <system-out/>
  <testcase classname="runner.TestRunner" name="runScenario" time="0.101"/>
  <system-out/>
  <testcase classname="runner.TestRunner" name="runScenario" time="0.116"/>
  <system-out/>
  <testcase classname="runner.TestRunner" name="runScenario" time="0.114"/>
  <system-out/>
  <testcase classname="runner.TestRunner" name="runScenario" time="0.129"/>
  <system-out/>
  <testcase classname="runner.TestRunner" name="runScenario" time="0.109"/>
  <system-out/>
  <testcase classname="runner.TestRunner" name="runScenario" time="1.275"/>
  <system-out/>
  <testcase classname="runner.TestRunner" name="runScenario" time="0.120"/>
  <system-out/>
  <testcase classname="runner.TestRunner" name="runScenario" time="0.134"/>
  <system-out/>
</testsuite> <!-- runner.TestRunner -->
